TN:
SF:src/app.js
FN:40,(anonymous_0)
FN:44,(anonymous_1)
FNF:2
FNH:1
FNDA:0,(anonymous_0)
FNDA:4,(anonymous_1)
DA:2,7
DA:3,7
DA:5,7
DA:6,7
DA:7,7
DA:8,7
DA:9,7
DA:10,7
DA:11,7
DA:12,7
DA:13,7
DA:14,7
DA:17,7
DA:20,7
DA:23,7
DA:24,7
DA:27,7
DA:28,7
DA:29,7
DA:30,7
DA:31,7
DA:32,7
DA:33,7
DA:34,7
DA:35,7
DA:38,7
DA:40,7
DA:41,0
DA:44,7
DA:45,4
DA:48,7
LF:31
LH:30
BRF:0
BRH:0
end_of_record
TN:
SF:src/supabaseClient.js
FNF:0
FNH:0
DA:1,7
DA:2,7
DA:4,7
DA:6,7
DA:11,7
LF:5
LH:5
BRF:0
BRH:0
end_of_record
TN:
SF:src/supabaseNoAuth.js
FNF:0
FNH:0
DA:5,4
DA:6,4
DA:8,4
DA:10,4
DA:16,4
LF:5
LH:5
BRF:0
BRH:0
end_of_record
TN:
SF:src/controllers/authController.js
FN:4,(anonymous_0)
FN:61,(anonymous_1)
FN:69,(anonymous_2)
FN:105,(anonymous_3)
FN:113,(anonymous_4)
FN:147,(anonymous_5)
FNF:6
FNH:6
FNDA:6,(anonymous_0)
FNDA:6,(anonymous_1)
FNDA:3,(anonymous_2)
FNDA:3,(anonymous_3)
FNDA:4,(anonymous_4)
FNDA:3,(anonymous_5)
DA:1,7
DA:2,7
DA:4,7
DA:5,6
DA:6,6
DA:8,6
DA:9,2
DA:12,4
DA:13,1
DA:19,3
DA:20,3
DA:22,3
DA:31,2
DA:33,1
DA:34,1
DA:37,1
DA:47,1
DA:48,1
DA:49,1
DA:52,0
DA:56,1
DA:61,7
DA:62,6
DA:63,2
DA:66,4
DA:69,7
DA:70,3
DA:71,3
DA:73,3
DA:74,1
DA:77,2
DA:78,1
DA:87,1
DA:92,1
DA:94,0
DA:95,0
DA:96,0
DA:97,0
DA:99,0
DA:101,0
DA:105,7
DA:106,3
DA:107,1
DA:110,2
DA:113,7
DA:114,4
DA:115,4
DA:117,4
DA:118,1
DA:121,3
DA:123,3
DA:124,1
DA:127,2
DA:129,2
DA:130,1
DA:133,1
DA:136,1
DA:140,1
DA:142,0
DA:143,0
DA:147,7
DA:148,3
DA:149,3
DA:151,3
DA:153,2
DA:155,2
DA:157,1
DA:162,0
DA:166,7
LF:69
LH:59
BRDA:6,0,0,6
BRDA:6,0,1,0
BRDA:8,1,0,2
BRDA:8,1,1,4
BRDA:12,2,0,1
BRDA:12,2,1,3
BRDA:31,3,0,1
BRDA:31,3,1,1
BRDA:47,4,0,1
BRDA:47,4,1,0
BRDA:62,5,0,2
BRDA:62,5,1,4
BRDA:62,6,0,6
BRDA:62,6,1,5
BRDA:62,6,2,5
BRDA:71,7,0,3
BRDA:71,7,1,0
BRDA:73,8,0,1
BRDA:73,8,1,2
BRDA:77,9,0,1
BRDA:77,9,1,1
BRDA:92,10,0,1
BRDA:92,10,1,0
BRDA:106,11,0,1
BRDA:106,11,1,2
BRDA:106,12,0,3
BRDA:106,12,1,2
BRDA:117,13,0,1
BRDA:117,13,1,3
BRDA:123,14,0,1
BRDA:123,14,1,2
BRDA:129,15,0,1
BRDA:129,15,1,1
BRDA:136,16,0,1
BRDA:136,16,1,0
BRDA:136,16,2,0
BRDA:151,17,0,1
BRDA:151,17,1,2
BRDA:155,18,0,1
BRDA:155,18,1,1
BRF:40
BRH:34
end_of_record
TN:
SF:src/controllers/eventController.js
FN:4,(anonymous_0)
FN:9,(anonymous_1)
FN:32,(anonymous_2)
FN:41,(anonymous_3)
FN:44,(anonymous_4)
FN:48,(anonymous_5)
FN:48,(anonymous_6)
FN:48,(anonymous_7)
FN:71,(anonymous_8)
FN:107,(anonymous_9)
FNF:10
FNH:7
FNDA:2,(anonymous_0)
FNDA:1,(anonymous_1)
FNDA:0,(anonymous_2)
FNDA:0,(anonymous_3)
FNDA:1,(anonymous_4)
FNDA:1,(anonymous_5)
FNDA:0,(anonymous_6)
FNDA:1,(anonymous_7)
FNDA:2,(anonymous_8)
FNDA:2,(anonymous_9)
DA:1,7
DA:2,7
DA:4,7
DA:5,2
DA:6,2
DA:9,7
DA:10,1
DA:11,1
DA:12,1
DA:23,1
DA:25,1
DA:30,1
DA:32,1
DA:34,1
DA:39,1
DA:41,1
DA:43,1
DA:45,1
DA:46,1
DA:48,1
DA:50,1
DA:64,1
DA:66,0
DA:67,0
DA:71,7
DA:72,2
DA:73,2
DA:74,2
DA:76,2
DA:77,1
DA:80,1
DA:87,1
DA:88,1
DA:89,0
DA:92,1
DA:98,1
DA:100,1
DA:102,0
DA:103,0
DA:107,7
DA:108,2
DA:109,2
DA:110,2
DA:112,2
DA:113,1
DA:116,1
DA:122,1
DA:124,1
DA:126,0
DA:127,0
DA:131,7
LF:51
LH:44
BRDA:5,0,0,0
BRDA:5,0,1,2
BRDA:23,1,0,0
BRDA:23,1,1,1
BRDA:30,2,0,0
BRDA:30,2,1,1
BRDA:39,3,0,0
BRDA:39,3,1,1
BRDA:46,4,0,1
BRDA:46,4,1,0
BRDA:48,5,0,1
BRDA:48,5,1,0
BRDA:76,6,0,1
BRDA:76,6,1,1
BRDA:87,7,0,0
BRDA:87,7,1,1
BRDA:88,8,0,0
BRDA:88,8,1,1
BRDA:98,9,0,0
BRDA:98,9,1,1
BRDA:110,10,0,2
BRDA:110,10,1,1
BRDA:112,11,0,1
BRDA:112,11,1,1
BRDA:122,12,0,0
BRDA:122,12,1,1
BRF:26
BRH:16
end_of_record
TN:
SF:src/controllers/historyController.js
FN:4,(anonymous_0)
FN:9,getHistory
FN:31,(anonymous_2)
FN:52,(anonymous_3)
FN:57,(anonymous_4)
FN:57,(anonymous_5)
FN:57,(anonymous_6)
FNF:7
FNH:6
FNDA:2,(anonymous_0)
FNDA:3,getHistory
FNDA:1,(anonymous_2)
FNDA:1,(anonymous_3)
FNDA:1,(anonymous_4)
FNDA:0,(anonymous_5)
FNDA:1,(anonymous_6)
DA:1,7
DA:2,7
DA:4,7
DA:5,2
DA:6,2
DA:10,3
DA:12,3
DA:13,3
DA:14,3
DA:15,1
DA:17,2
DA:18,2
DA:19,0
DA:21,2
DA:24,2
DA:29,2
DA:31,1
DA:32,1
DA:33,0
DA:36,1
DA:49,1
DA:51,1
DA:53,1
DA:54,1
DA:57,1
DA:59,1
DA:71,1
DA:74,1
DA:75,1
DA:79,7
LF:30
LH:28
BRDA:5,0,0,0
BRDA:5,0,1,2
BRDA:12,1,0,3
BRDA:12,1,1,1
BRDA:14,2,0,1
BRDA:14,2,1,2
BRDA:18,3,0,0
BRDA:18,3,1,2
BRDA:18,4,0,2
BRDA:18,4,1,2
BRDA:29,5,0,1
BRDA:29,5,1,1
BRDA:32,6,0,0
BRDA:32,6,1,1
BRDA:49,7,0,0
BRDA:49,7,1,1
BRDA:57,8,0,1
BRDA:57,8,1,0
BRF:18
BRH:13
end_of_record
TN:
SF:src/controllers/manageEventController.js
FN:3,(anonymous_0)
FN:8,(anonymous_1)
FN:11,(anonymous_2)
FN:29,(anonymous_3)
FN:31,(anonymous_4)
FN:46,(anonymous_5)
FN:57,(anonymous_6)
FN:65,(anonymous_7)
FN:77,(anonymous_8)
FN:91,(anonymous_9)
FN:103,(anonymous_10)
FN:131,(anonymous_11)
FN:139,(anonymous_12)
FN:141,(anonymous_13)
FN:146,(anonymous_14)
FN:157,(anonymous_15)
FN:173,(anonymous_16)
FN:173,(anonymous_17)
FN:182,(anonymous_18)
FN:209,(anonymous_19)
FN:238,(anonymous_20)
FN:240,(anonymous_21)
FN:241,(anonymous_22)
FN:263,(anonymous_23)
FN:312,(anonymous_24)
FN:347,(anonymous_25)
FN:349,(anonymous_26)
FN:350,(anonymous_27)
FN:372,(anonymous_28)
FN:412,(anonymous_29)
FN:440,(anonymous_30)
FN:459,(anonymous_31)
FNF:32
FNH:28
FNDA:18,(anonymous_0)
FNDA:152,(anonymous_1)
FNDA:1,(anonymous_2)
FNDA:9,(anonymous_3)
FNDA:27,(anonymous_4)
FNDA:27,(anonymous_5)
FNDA:1,(anonymous_6)
FNDA:15,(anonymous_7)
FNDA:1,(anonymous_8)
FNDA:1,(anonymous_9)
FNDA:0,(anonymous_10)
FNDA:38,(anonymous_11)
FNDA:0,(anonymous_12)
FNDA:13,(anonymous_13)
FNDA:185,(anonymous_14)
FNDA:66,(anonymous_15)
FNDA:13,(anonymous_16)
FNDA:0,(anonymous_17)
FNDA:21,(anonymous_18)
FNDA:4,(anonymous_19)
FNDA:4,(anonymous_20)
FNDA:2,(anonymous_21)
FNDA:4,(anonymous_22)
FNDA:2,(anonymous_23)
FNDA:1,(anonymous_24)
FNDA:1,(anonymous_25)
FNDA:0,(anonymous_26)
FNDA:1,(anonymous_27)
FNDA:19,(anonymous_28)
FNDA:2,(anonymous_29)
FNDA:1,(anonymous_30)
FNDA:1,(anonymous_31)
DA:1,7
DA:3,7
DA:4,18
DA:5,18
DA:8,7
DA:9,152
DA:11,7
DA:12,1
DA:13,1
DA:27,1
DA:29,1
DA:30,9
DA:31,27
DA:34,9
DA:46,27
DA:50,1
DA:52,0
DA:53,0
DA:57,7
DA:58,1
DA:59,1
DA:60,1
DA:61,0
DA:62,0
DA:65,15
DA:70,1
DA:72,0
DA:73,0
DA:77,7
DA:78,1
DA:79,1
DA:80,1
DA:82,1
DA:88,1
DA:89,1
DA:91,1
DA:92,1
DA:93,1
DA:94,1
DA:96,1
DA:101,1
DA:103,1
DA:105,1
DA:115,1
DA:117,1
DA:120,1
DA:122,1
DA:123,1
DA:124,73
DA:125,73
DA:128,1
DA:129,1
DA:131,38
DA:133,1
DA:137,1
DA:139,1
DA:141,1
DA:142,13
DA:143,13
DA:144,13
DA:146,13
DA:147,185
DA:150,13
DA:152,13
DA:153,10
DA:156,13
DA:157,13
DA:158,66
DA:161,13
DA:163,13
DA:173,13
DA:175,1
DA:177,0
DA:178,0
DA:182,7
DA:183,21
DA:185,21
DA:186,21
DA:187,3
DA:190,18
DA:204,18
DA:206,18
DA:208,18
DA:209,4
DA:214,2
DA:218,2
DA:221,18
DA:235,18
DA:237,18
DA:238,4
DA:240,2
DA:241,4
DA:243,18
DA:258,0
DA:259,0
DA:263,7
DA:264,2
DA:265,2
DA:266,2
DA:268,2
DA:270,2
DA:276,2
DA:277,1
DA:278,1
DA:281,1
DA:296,1
DA:297,0
DA:298,0
DA:301,1
DA:306,1
DA:307,0
DA:308,0
DA:311,1
DA:312,1
DA:317,1
DA:321,1
DA:322,0
DA:323,0
DA:327,1
DA:341,1
DA:342,0
DA:343,0
DA:346,1
DA:347,1
DA:349,0
DA:350,1
DA:352,1
DA:367,0
DA:368,0
DA:372,7
DA:373,19
DA:375,19
DA:376,19
DA:381,19
DA:383,19
DA:390,19
DA:391,1
DA:394,18
DA:407,0
DA:408,0
DA:412,7
DA:413,2
DA:414,2
DA:415,1
DA:418,1
DA:419,1
DA:420,1
DA:421,1
DA:423,1
DA:430,1
DA:432,1
DA:434,1
DA:436,0
DA:440,7
DA:441,1
DA:442,1
DA:444,1
DA:445,0
DA:448,1
DA:453,1
DA:454,0
DA:455,0
DA:458,1
DA:459,1
DA:461,1
DA:465,1
DA:466,0
DA:467,0
DA:471,1
DA:473,0
DA:474,0
DA:481,7
LF:172
LH:141
BRDA:4,0,0,0
BRDA:4,0,1,18
BRDA:27,1,0,0
BRDA:27,1,1,1
BRDA:30,2,0,9
BRDA:30,2,1,0
BRDA:40,3,0,9
BRDA:40,3,1,0
BRDA:60,4,0,0
BRDA:60,4,1,1
BRDA:80,5,0,0
BRDA:80,5,1,1
BRDA:88,6,0,0
BRDA:88,6,1,1
BRDA:89,7,0,0
BRDA:89,7,1,1
BRDA:91,8,0,1
BRDA:91,8,1,0
BRDA:101,9,0,0
BRDA:101,9,1,1
BRDA:115,10,0,0
BRDA:115,10,1,1
BRDA:120,11,0,0
BRDA:120,11,1,1
BRDA:124,12,0,20
BRDA:124,12,1,53
BRDA:129,13,0,0
BRDA:129,13,1,1
BRDA:131,14,0,1
BRDA:131,14,1,0
BRDA:137,15,0,0
BRDA:137,15,1,1
BRDA:139,16,0,1
BRDA:139,16,1,0
BRDA:141,17,0,1
BRDA:141,17,1,0
BRDA:143,18,0,0
BRDA:143,18,1,13
BRDA:144,19,0,0
BRDA:144,19,1,13
BRDA:146,20,0,13
BRDA:146,20,1,0
BRDA:152,21,0,10
BRDA:152,21,1,3
BRDA:156,22,0,13
BRDA:156,22,1,0
BRDA:165,23,0,13
BRDA:165,23,1,0
BRDA:166,24,0,13
BRDA:166,24,1,0
BRDA:167,25,0,13
BRDA:167,25,1,0
BRDA:186,26,0,3
BRDA:186,26,1,18
BRDA:186,27,0,21
BRDA:186,27,1,21
BRDA:186,27,2,21
BRDA:186,27,3,18
BRDA:186,27,4,18
BRDA:186,27,5,18
BRDA:186,27,6,18
BRDA:204,28,0,0
BRDA:204,28,1,18
BRDA:208,29,0,2
BRDA:208,29,1,16
BRDA:208,30,0,18
BRDA:208,30,1,2
BRDA:218,31,0,0
BRDA:218,31,1,2
BRDA:235,32,0,0
BRDA:235,32,1,18
BRDA:237,33,0,18
BRDA:237,33,1,0
BRDA:259,34,0,0
BRDA:259,34,1,0
BRDA:276,35,0,1
BRDA:276,35,1,1
BRDA:276,36,0,2
BRDA:276,36,1,1
BRDA:289,37,0,1
BRDA:289,37,1,0
BRDA:290,38,0,1
BRDA:290,38,1,0
BRDA:296,39,0,0
BRDA:296,39,1,1
BRDA:306,40,0,0
BRDA:306,40,1,1
BRDA:311,41,0,1
BRDA:311,41,1,0
BRDA:311,42,0,1
BRDA:311,42,1,1
BRDA:321,43,0,0
BRDA:321,43,1,1
BRDA:341,44,0,0
BRDA:341,44,1,1
BRDA:346,45,0,1
BRDA:346,45,1,0
BRDA:368,46,0,0
BRDA:368,46,1,0
BRDA:381,47,0,0
BRDA:381,47,1,19
BRDA:390,48,0,1
BRDA:390,48,1,18
BRDA:390,49,0,19
BRDA:390,49,1,18
BRDA:414,50,0,1
BRDA:414,50,1,1
BRDA:430,51,0,0
BRDA:430,51,1,1
BRDA:444,52,0,0
BRDA:444,52,1,1
BRDA:444,53,0,1
BRDA:444,53,1,1
BRDA:453,54,0,0
BRDA:453,54,1,1
BRDA:458,55,0,1
BRDA:458,55,1,0
BRDA:465,56,0,0
BRDA:465,56,1,1
BRF:119
BRH:73
end_of_record
TN:
SF:src/controllers/notificationController.js
FN:4,getNotifications
FNF:1
FNH:1
FNDA:3,getNotifications
DA:1,7
DA:2,7
DA:5,3
DA:6,3
DA:7,3
DA:8,3
DA:9,1
DA:12,2
DA:13,2
DA:14,0
DA:17,2
DA:19,2
DA:26,2
DA:28,2
DA:29,1
DA:32,1
DA:34,0
DA:35,0
DA:40,7
LF:19
LH:16
BRDA:6,0,0,3
BRDA:6,0,1,1
BRDA:8,1,0,1
BRDA:8,1,1,2
BRDA:13,2,0,0
BRDA:13,2,1,2
BRDA:13,3,0,2
BRDA:13,3,1,2
BRDA:26,4,0,0
BRDA:26,4,1,2
BRDA:28,5,0,1
BRDA:28,5,1,1
BRDA:28,6,0,2
BRDA:28,6,1,2
BRF:14
BRH:12
end_of_record
TN:
SF:src/controllers/reportsController.js
FN:6,getVolunteerReport
FN:46,getEventReport
FN:83,exportVolunteerCSV
FN:93,exportEventCSV
FN:103,exportVolunteerPDF
FN:113,exportEventPDF
FNF:6
FNH:6
FNDA:3,getVolunteerReport
FNDA:2,getEventReport
FNDA:1,exportVolunteerCSV
FNDA:1,exportEventCSV
FNDA:1,exportVolunteerPDF
FNDA:1,exportEventPDF
DA:1,7
DA:2,7
DA:3,7
DA:4,7
DA:7,3
DA:9,3
DA:25,3
DA:26,3
DA:28,3
DA:29,1
DA:33,3
DA:35,3
DA:37,3
DA:39,3
DA:41,3
DA:42,2
DA:47,2
DA:49,2
DA:65,2
DA:66,2
DA:68,2
DA:69,1
DA:71,2
DA:73,2
DA:75,2
DA:77,2
DA:79,2
DA:80,2
DA:84,1
DA:88,1
DA:90,1
DA:94,1
DA:98,1
DA:100,1
DA:104,1
DA:108,1
DA:110,1
DA:114,1
DA:118,1
DA:120,1
DA:124,7
LF:41
LH:41
BRDA:25,0,0,1
BRDA:25,0,1,2
BRDA:26,1,0,1
BRDA:26,1,1,2
BRDA:28,2,0,1
BRDA:28,2,1,2
BRDA:33,3,0,1
BRDA:33,3,1,2
BRDA:35,4,0,1
BRDA:35,4,1,2
BRDA:37,5,0,1
BRDA:37,5,1,2
BRDA:41,6,0,1
BRDA:41,6,1,2
BRDA:65,7,0,1
BRDA:65,7,1,1
BRDA:66,8,0,1
BRDA:66,8,1,1
BRDA:68,9,0,1
BRDA:68,9,1,1
BRDA:71,10,0,1
BRDA:71,10,1,1
BRDA:73,11,0,1
BRDA:73,11,1,1
BRDA:75,12,0,1
BRDA:75,12,1,1
BRDA:79,13,0,0
BRDA:79,13,1,2
BRDA:88,14,0,0
BRDA:88,14,1,1
BRDA:98,15,0,0
BRDA:98,15,1,1
BRDA:108,16,0,0
BRDA:108,16,1,1
BRDA:118,17,0,0
BRDA:118,17,1,1
BRF:36
BRH:31
end_of_record
TN:
SF:src/controllers/skillsController.js
FN:4,getSkills
FNF:1
FNH:1
FNDA:3,getSkills
DA:1,8
DA:5,3
DA:6,3
DA:10,2
DA:12,1
DA:14,2
DA:15,2
DA:20,8
LF:8
LH:8
BRDA:10,0,0,1
BRDA:10,0,1,1
BRF:2
BRH:2
end_of_record
TN:
SF:src/controllers/statesController.js
FN:4,getStates
FNF:1
FNH:1
FNDA:3,getStates
DA:1,8
DA:2,8
DA:5,3
DA:6,3
DA:10,2
DA:12,1
DA:14,2
DA:15,2
DA:19,8
LF:9
LH:9
BRDA:10,0,0,1
BRDA:10,0,1,1
BRF:2
BRH:2
end_of_record
TN:
SF:src/controllers/userController.js
FN:4,getUserProfile
FN:59,updateProfile
FN:107,(anonymous_2)
FN:121,(anonymous_3)
FN:137,updateAdminProfile
FN:169,isProfileComplete
FNF:6
FNH:6
FNDA:5,getUserProfile
FNDA:5,updateProfile
FNDA:2,(anonymous_2)
FNDA:1,(anonymous_3)
FNDA:1,updateAdminProfile
FNDA:5,isProfileComplete
DA:1,7
DA:2,7
DA:5,5
DA:6,5
DA:7,5
DA:8,5
DA:9,1
DA:11,4
DA:12,4
DA:13,1
DA:15,3
DA:17,3
DA:44,3
DA:47,2
DA:48,1
DA:51,1
DA:54,1
DA:55,1
DA:60,5
DA:61,5
DA:62,5
DA:63,5
DA:64,0
DA:66,5
DA:67,5
DA:68,1
DA:70,4
DA:71,4
DA:73,4
DA:79,4
DA:82,4
DA:97,3
DA:100,3
DA:105,3
DA:107,2
DA:109,3
DA:111,2
DA:117,2
DA:118,1
DA:121,1
DA:129,3
DA:132,1
DA:133,1
DA:138,1
DA:139,1
DA:140,1
DA:141,1
DA:142,0
DA:144,1
DA:145,1
DA:146,1
DA:148,0
DA:149,0
DA:152,0
DA:159,0
DA:161,0
DA:164,0
DA:165,0
DA:170,5
DA:180,5
DA:181,1
DA:184,4
DA:193,4
DA:194,4
DA:196,4
DA:199,7
LF:66
LH:57
BRDA:6,0,0,5
BRDA:6,0,1,1
BRDA:8,1,0,1
BRDA:8,1,1,4
BRDA:12,2,0,1
BRDA:12,2,1,3
BRDA:12,3,0,4
BRDA:12,3,1,3
BRDA:44,4,0,1
BRDA:44,4,1,2
BRDA:47,5,0,1
BRDA:47,5,1,1
BRDA:47,6,0,2
BRDA:47,6,1,1
BRDA:61,7,0,5
BRDA:61,7,1,0
BRDA:63,8,0,0
BRDA:63,8,1,5
BRDA:67,9,0,1
BRDA:67,9,1,4
BRDA:67,10,0,5
BRDA:67,10,1,4
BRDA:79,11,0,4
BRDA:79,11,1,0
BRDA:97,12,0,0
BRDA:97,12,1,3
BRDA:105,13,0,2
BRDA:105,13,1,1
BRDA:109,14,0,2
BRDA:109,14,1,1
BRDA:117,15,0,1
BRDA:117,15,1,1
BRDA:117,16,0,2
BRDA:117,16,1,2
BRDA:139,17,0,1
BRDA:139,17,1,0
BRDA:141,18,0,0
BRDA:141,18,1,1
BRDA:145,19,0,1
BRDA:145,19,1,0
BRDA:145,20,0,1
BRDA:145,20,1,0
BRDA:159,21,0,0
BRDA:159,21,1,0
BRDA:180,22,0,1
BRDA:180,22,1,4
BRDA:180,23,0,5
BRDA:180,23,1,4
BRDA:185,24,0,4
BRDA:185,24,1,3
BRDA:185,24,2,3
BRDA:185,24,3,3
BRDA:185,24,4,3
BRDA:193,25,0,4
BRDA:193,25,1,4
BRDA:194,26,0,4
BRDA:194,26,1,4
BRDA:196,27,0,4
BRDA:196,27,1,3
BRDA:196,27,2,2
BRF:60
BRH:50
end_of_record
TN:
SF:src/middleware/authMiddleware.js
FN:3,requireAuth
FN:36,requireRole
FN:37,(anonymous_2)
FNF:3
FNH:3
FNDA:69,requireAuth
FNDA:88,requireRole
FNDA:60,(anonymous_2)
DA:1,9
DA:4,69
DA:5,69
DA:6,65
DA:11,65
DA:13,4
DA:14,4
DA:16,4
DA:17,1
DA:20,3
DA:22,2
DA:24,1
DA:30,1
DA:32,1
DA:37,88
DA:38,60
DA:40,3
DA:41,1
DA:44,2
DA:45,1
DA:47,1
DA:51,9
LF:22
LH:22
BRDA:5,0,0,65
BRDA:5,0,1,4
BRDA:13,1,0,4
BRDA:13,1,1,1
BRDA:16,2,0,1
BRDA:16,2,1,3
BRDA:22,3,0,1
BRDA:22,3,1,1
BRDA:22,4,0,2
BRDA:22,4,1,1
BRDA:38,5,0,57
BRDA:38,5,1,3
BRDA:40,6,0,1
BRDA:40,6,1,2
BRDA:44,7,0,1
BRDA:44,7,1,1
BRF:16
BRH:16
end_of_record
TN:
SF:src/routes/authRoutes.js
FNF:0
FNH:0
DA:1,7
DA:2,7
DA:3,7
DA:5,7
DA:6,7
DA:7,7
DA:9,7
DA:11,7
LF:8
LH:8
BRF:0
BRH:0
end_of_record
TN:
SF:src/routes/eventRoutes.js
FNF:0
FNH:0
DA:1,7
DA:2,7
DA:3,7
DA:4,7
DA:6,7
DA:7,7
DA:8,7
DA:10,7
LF:8
LH:8
BRF:0
BRH:0
end_of_record
TN:
SF:src/routes/historyRoutes.js
FNF:0
FNH:0
DA:1,7
DA:2,7
DA:3,7
DA:4,7
DA:6,7
DA:8,7
LF:6
LH:6
BRF:0
BRH:0
end_of_record
TN:
SF:src/routes/manageEventRoutes.js
FNF:0
FNH:0
DA:1,7
DA:2,7
DA:3,7
DA:4,7
DA:5,7
DA:6,7
DA:7,7
DA:9,7
DA:10,7
DA:11,7
DA:12,7
DA:13,7
DA:14,7
DA:16,7
DA:17,7
DA:19,7
LF:16
LH:16
BRF:0
BRH:0
end_of_record
TN:
SF:src/routes/notificationRoutes.js
FNF:0
FNH:0
DA:1,7
DA:2,7
DA:3,7
DA:4,7
DA:6,7
DA:8,7
LF:6
LH:6
BRF:0
BRH:0
end_of_record
TN:
SF:src/routes/reports.js
FNF:0
FNH:0
DA:1,7
DA:2,7
DA:10,7
DA:12,7
DA:13,7
DA:15,7
DA:16,7
DA:18,7
DA:19,7
DA:21,7
LF:10
LH:10
BRF:0
BRH:0
end_of_record
TN:
SF:src/routes/skillsRoutes.js
FNF:0
FNH:0
DA:1,7
DA:2,7
DA:3,7
DA:4,7
DA:6,7
DA:8,7
LF:6
LH:6
BRF:0
BRH:0
end_of_record
TN:
SF:src/routes/stateRoutes.js
FNF:0
FNH:0
DA:1,7
DA:2,7
DA:3,7
DA:5,7
DA:7,7
LF:5
LH:5
BRF:0
BRH:0
end_of_record
TN:
SF:src/routes/upload.js
FN:9,(anonymous_0)
FNF:1
FNH:1
FNDA:4,(anonymous_0)
DA:1,8
DA:2,8
DA:3,8
DA:4,8
DA:7,8
DA:9,8
DA:10,4
DA:11,4
DA:12,4
DA:13,4
DA:16,3
DA:19,3
DA:26,3
DA:29,2
DA:33,2
DA:36,2
DA:41,2
DA:43,1
DA:45,2
DA:46,2
DA:50,8
LF:21
LH:21
BRDA:13,0,0,1
BRDA:13,0,1,3
BRDA:26,1,0,1
BRDA:26,1,1,2
BRDA:41,2,0,1
BRDA:41,2,1,1
BRF:6
BRH:6
end_of_record
TN:
SF:src/routes/userRoutes.js
FN:10,(anonymous_0)
FNF:1
FNH:1
FNDA:5,(anonymous_0)
DA:1,7
DA:2,7
DA:3,7
DA:4,7
DA:7,7
DA:8,7
DA:9,7
DA:10,7
DA:11,5
DA:12,5
DA:16,7
LF:11
LH:11
BRF:0
BRH:0
end_of_record
TN:
SF:src/utils/exportCSV.js
FN:3,exportCSV
FNF:1
FNH:1
FNDA:3,exportCSV
DA:1,7
DA:4,3
DA:5,3
DA:6,2
DA:8,1
DA:9,1
DA:14,1
DA:16,2
DA:20,7
LF:9
LH:9
BRF:0
BRH:0
end_of_record
TN:
SF:src/utils/exportPDF.js
FN:3,exportPDF
FN:17,(anonymous_1)
FN:18,(anonymous_2)
FNF:3
FNH:3
FNDA:3,exportPDF
FNDA:2,(anonymous_1)
FNDA:4,(anonymous_2)
DA:1,7
DA:4,3
DA:6,2
DA:7,2
DA:12,2
DA:14,2
DA:15,2
DA:17,2
DA:18,2
DA:19,4
DA:21,2
DA:24,2
DA:27,7
LF:13
LH:13
BRF:0
BRH:0
end_of_record
TN:
SF:src/utils/reportCSV.js
FN:3,generateCSV
FNF:1
FNH:1
FNDA:4,generateCSV
DA:1,1
DA:4,4
DA:5,3
DA:8,1
LF:4
LH:4
BRF:0
BRH:0
end_of_record
TN:
SF:src/utils/reportPDF.js
FN:3,generateVolunteerPDF
FN:4,(anonymous_1)
FN:9,(anonymous_2)
FN:10,(anonymous_3)
FN:15,(anonymous_4)
FNF:5
FNH:5
FNDA:5,generateVolunteerPDF
FNDA:5,(anonymous_1)
FNDA:10,(anonymous_2)
FNDA:5,(anonymous_3)
FNDA:5,(anonymous_4)
DA:1,1
DA:4,5
DA:5,5
DA:6,5
DA:7,5
DA:9,10
DA:10,5
DA:11,5
DA:13,5
DA:15,5
DA:17,5
DA:22,5
DA:23,5
DA:25,5
DA:30,5
DA:32,0
DA:37,1
LF:17
LH:16
BRDA:17,0,0,5
BRDA:17,0,1,4
BRDA:17,0,2,1
BRDA:17,0,3,1
BRDA:22,1,0,5
BRDA:22,1,1,4
BRDA:23,2,0,5
BRDA:23,2,1,4
BRDA:27,3,0,1
BRDA:27,3,1,4
BRDA:27,4,0,1
BRDA:27,4,1,4
BRF:12
BRH:12
end_of_record
